<?xml version="1.0" encoding="UTF-8"?>
<!-- Generated by org.testng.reporters.JUnitXMLReporter -->
<testsuite ignored="0" hostname="LPCAIQ0797" failures="4" tests="4" name="Test" time="3.486" errors="0" timestamp="2022-09-14T17:01:13 EET">
  <testcase classname="Ejada.seleniumCloud.Setup" name="setmethod" time="0.0">
    <failure type="org.testng.TestNGException" message="
Method setmethod requires 3 parameters but 2 were supplied in the @Test annotation.">
      <![CDATA[org.testng.TestNGException: 
Method setmethod requires 3 parameters but 2 were supplied in the @Test annotation.
at java.base/java.util.ArrayList.forEach(ArrayList.java:1511)
... Removed 26 stack frames]]>
    </failure>
  </testcase> <!-- setmethod -->
  <testcase classname="Ejada.seleniumCloud.LoginTest" name="loginValidInput" time="0.019">
    <failure type="java.lang.NullPointerException" message="Cannot invoke &amp;quot;org.openqa.selenium.WebDriver.findElement(org.openqa.selenium.By)&amp;quot; because &amp;quot;Ejada.seleniumCloud.LoginTest.driver&amp;quot; is null">
      <![CDATA[java.lang.NullPointerException: Cannot invoke "org.openqa.selenium.WebDriver.findElement(org.openqa.selenium.By)" because "Ejada.seleniumCloud.LoginTest.driver" is null
at Ejada.seleniumCloud.LoginTest.loginValidInput(LoginTest.java:55)
at java.base/java.util.ArrayList.forEach(ArrayList.java:1511)
... Removed 25 stack frames]]>
    </failure>
  </testcase> <!-- loginValidInput -->
  <testcase classname="Ejada.seleniumCloud.LoginTest" name="tearDown" time="0.004">
    <failure type="java.lang.NullPointerException" message="Cannot invoke &amp;quot;org.openqa.selenium.WebDriver.quit()&amp;quot; because &amp;quot;Ejada.seleniumCloud.LoginTest.driver&amp;quot; is null">
      <![CDATA[java.lang.NullPointerException: Cannot invoke "org.openqa.selenium.WebDriver.quit()" because "Ejada.seleniumCloud.LoginTest.driver" is null
at Ejada.seleniumCloud.LoginTest.tearDown(LoginTest.java:76)
at java.base/java.util.ArrayList.forEach(ArrayList.java:1511)
... Removed 25 stack frames]]>
    </failure>
  </testcase> <!-- tearDown -->
  <testcase classname="Ejada.seleniumCloud.LoginTest" name="SetUp" time="3.237">
    <failure type="java.lang.NullPointerException" message="null value in entry: url=null">
      <![CDATA[java.lang.NullPointerException: null value in entry: url=null
at com.google.common.collect.CollectPreconditions.checkEntryNotNull(CollectPreconditions.java:33)
at com.google.common.collect.SingletonImmutableBiMap.<init>(SingletonImmutableBiMap.java:43)
at com.google.common.collect.ImmutableBiMap.of(ImmutableBiMap.java:81)
at com.google.common.collect.ImmutableMap.of(ImmutableMap.java:128)
at org.openqa.selenium.remote.DriverCommand.GET(DriverCommand.java:199)
at org.openqa.selenium.remote.RemoteWebDriver.get(RemoteWebDriver.java:332)
at org.openqa.selenium.remote.RemoteWebDriver$RemoteNavigation.to(RemoteWebDriver.java:1056)
at Ejada.seleniumCloud.LoginTest.SetUp(LoginTest.java:46)
at java.base/java.util.ArrayList.forEach(ArrayList.java:1511)
... Removed 25 stack frames]]>
    </failure>
  </testcase> <!-- SetUp -->
</testsuite> <!-- Test -->
