<?xml version="1.0" encoding="UTF-8"?>
<testng-results ignored="0" total="1" passed="1" failed="0" skipped="0">
  <reporter-output>
  </reporter-output>
  <suite started-at="2022-09-30T16:34:15 EET" name="Suite" finished-at="2022-09-30T16:34:28 EET" duration-ms="12155">
    <groups>
    </groups>
    <test started-at="2022-09-30T16:34:15 EET" name="Test" finished-at="2022-09-30T16:34:28 EET" duration-ms="12155">
      <class name="Ejada.seleniumCloud.LoginTest">
        <test-method is-config="true" signature="SetUp(java.lang.String)[pri:0, instance:Ejada.seleniumCloud.LoginTest@3ce3db41]" started-at="2022-09-30T16:34:15 EET" name="SetUp" finished-at="2022-09-30T16:34:20 EET" duration-ms="4813" status="PASS">
          <params>
            <param index="0">
              <value>
                <![CDATA[chrome]]>
              </value>
            </param>
          </params>
          <reporter-output>
          </reporter-output>
        </test-method> <!-- SetUp -->
        <test-method signature="loginValidInput()[pri:0, instance:Ejada.seleniumCloud.LoginTest@3ce3db41]" started-at="2022-09-30T16:34:20 EET" name="loginValidInput" description="login with valid credentials " finished-at="2022-09-30T16:34:27 EET" duration-ms="6106" status="PASS">
          <reporter-output>
          </reporter-output>
        </test-method> <!-- loginValidInput -->
        <test-method is-config="true" signature="tearDown()[pri:0, instance:Ejada.seleniumCloud.LoginTest@3ce3db41]" started-at="2022-09-30T16:34:27 EET" name="tearDown" finished-at="2022-09-30T16:34:28 EET" duration-ms="1019" status="PASS">
          <reporter-output>
          </reporter-output>
        </test-method> <!-- tearDown -->
      </class> <!-- Ejada.seleniumCloud.LoginTest -->
    </test> <!-- Test -->
  </suite> <!-- Suite -->
</testng-results>
