<?xml version="1.0" encoding="UTF-8"?>
<testng-results ignored="0" total="1" passed="1" failed="0" skipped="0">
  <reporter-output>
  </reporter-output>
  <suite started-at="2022-09-30T14:52:23 EET" name="Suite" finished-at="2022-09-30T14:52:37 EET" duration-ms="13751">
    <groups>
    </groups>
    <test started-at="2022-09-30T14:52:23 EET" name="Test" finished-at="2022-09-30T14:52:37 EET" duration-ms="13751">
      <class name="Ejada.seleniumCloud.LoginTest">
        <test-method is-config="true" signature="SetUp()[pri:0, instance:Ejada.seleniumCloud.LoginTest@6ca0256d]" started-at="2022-09-30T14:52:23 EET" name="SetUp" finished-at="2022-09-30T14:52:29 EET" duration-ms="6407" status="PASS">
          <reporter-output>
          </reporter-output>
        </test-method> <!-- SetUp -->
        <test-method signature="loginValidInput()[pri:0, instance:Ejada.seleniumCloud.LoginTest@6ca0256d]" started-at="2022-09-30T14:52:30 EET" name="loginValidInput" description="login with valid credentials " finished-at="2022-09-30T14:52:36 EET" duration-ms="5996" status="PASS">
          <reporter-output>
          </reporter-output>
        </test-method> <!-- loginValidInput -->
        <test-method is-config="true" signature="tearDown()[pri:0, instance:Ejada.seleniumCloud.LoginTest@6ca0256d]" started-at="2022-09-30T14:52:36 EET" name="tearDown" finished-at="2022-09-30T14:52:37 EET" duration-ms="993" status="PASS">
          <reporter-output>
          </reporter-output>
        </test-method> <!-- tearDown -->
      </class> <!-- Ejada.seleniumCloud.LoginTest -->
    </test> <!-- Test -->
  </suite> <!-- Suite -->
</testng-results>
